<?xml version="1.0" encoding="UTF-8"?>
<!-- Generated by org.testng.reporters.JUnitReportReporter -->
<testsuite skipped="0" hostname="Rshrestha" name="automationpractice.tests.RegressionTest2" tests="6" failures="0" timestamp="2021-06-03T22:52:36 EDT" time="296.921" errors="0">
  <testcase name="signInElmTEst" time="51.610" classname="automationpractice.tests.RegressionTest2"/>
  <system-out/>
  <testcase name="signInElmTEst" time="47.277" classname="automationpractice.tests.RegressionTest2"/>
  <system-out/>
  <testcase name="signInElmTEst" time="47.322" classname="automationpractice.tests.RegressionTest2"/>
  <system-out/>
  <testcase name="signInElmTEst" time="49.207" classname="automationpractice.tests.RegressionTest2"/>
  <system-out/>
  <testcase name="signInElmTEst" time="46.888" classname="automationpractice.tests.RegressionTest2"/>
  <system-out/>
  <testcase name="signInElmTEst" time="54.617" classname="automationpractice.tests.RegressionTest2"/>
  <system-out/>
</testsuite> <!-- automationpractice.tests.RegressionTest2 -->
