<?xml version="1.0" encoding="UTF-8"?>
<!-- Generated by org.testng.reporters.JUnitReportReporter -->
<testsuite skipped="0" hostname="Rshrestha" name="automationpractice.tests.MercuryToursTest" tests="1" failures="0" timestamp="2020-05-28T00:35:03 EDT" time="25.774" errors="0">
  <testcase name="HomepageTest" time="25.774" classname="automationpractice.tests.MercuryToursTest"/>
  <system-out/>
</testsuite> <!-- automationpractice.tests.MercuryToursTest -->
