<?xml version="1.0" encoding="UTF-8"?>
<!-- Generated by org.testng.reporters.JUnitReportReporter -->
<testsuite skipped="0" hostname="Rshrestha" name="automationpractice.tests.SignUpTest" tests="3" failures="0" timestamp="2020-06-26T22:05:26 EDT" time="212.889" errors="0">
  <testcase name="LoginPage" time="87.287" classname="automationpractice.tests.SignUpTest"/>
  <system-out/>
  <testcase name="LoginPage" time="95.606" classname="automationpractice.tests.SignUpTest"/>
  <system-out/>
  <testcase name="LoginPage" time="29.996" classname="automationpractice.tests.SignUpTest"/>
  <system-out/>
</testsuite> <!-- automationpractice.tests.SignUpTest -->
