<?xml version="1.0" encoding="UTF-8"?>
<!-- Generated by org.testng.reporters.JUnitReportReporter -->
<testsuite skipped="0" hostname="Rshrestha" name="automationpractice.tests.SignInCredentialsTest" tests="6" failures="0" timestamp="2020-06-15T22:31:58 EDT" time="249.845" errors="0">
  <testcase name="signInElmTEst" time="31.716" classname="automationpractice.tests.SignInCredentialsTest"/>
  <system-out/>
  <testcase name="signInElmTEst" time="43.076" classname="automationpractice.tests.SignInCredentialsTest"/>
  <system-out/>
  <testcase name="signInElmTEst" time="44.221" classname="automationpractice.tests.SignInCredentialsTest"/>
  <system-out/>
  <testcase name="signInElmTEst" time="43.207" classname="automationpractice.tests.SignInCredentialsTest"/>
  <system-out/>
  <testcase name="signInElmTEst" time="43.759" classname="automationpractice.tests.SignInCredentialsTest"/>
  <system-out/>
  <testcase name="signInElmTEst" time="43.866" classname="automationpractice.tests.SignInCredentialsTest"/>
  <system-out/>
</testsuite> <!-- automationpractice.tests.SignInCredentialsTest -->
