<?xml version="1.0" encoding="UTF-8"?>
<!-- Generated by org.testng.reporters.JUnitReportReporter -->
<testsuite skipped="0" hostname="Rshrestha" name="automationpractice.tests.SmokeTest" tests="6" failures="0" timestamp="2020-06-16T00:02:08 EDT" time="263.882" errors="0">
  <testcase name="signInElmTEst" time="46.562" classname="automationpractice.tests.SmokeTest"/>
  <system-out/>
  <testcase name="signInElmTEst" time="46.054" classname="automationpractice.tests.SmokeTest"/>
  <system-out/>
  <testcase name="signInElmTEst" time="45.599" classname="automationpractice.tests.SmokeTest"/>
  <system-out/>
  <testcase name="signInElmTEst" time="35.399" classname="automationpractice.tests.SmokeTest"/>
  <system-out/>
  <testcase name="signInElmTEst" time="45.497" classname="automationpractice.tests.SmokeTest"/>
  <system-out/>
  <testcase name="signInElmTEst" time="44.771" classname="automationpractice.tests.SmokeTest"/>
  <system-out/>
</testsuite> <!-- automationpractice.tests.SmokeTest -->
