<?xml version="1.0" encoding="UTF-8"?>
<!-- Generated by org.testng.reporters.JUnitReportReporter -->
<testsuite skipped="0" hostname="Rshrestha" name="automationpractice.tests.AutomationSignUpEmailElmTest" tests="3" failures="0" timestamp="2020-06-15T01:28:01 EDT" time="112.776" errors="0">
  <testcase name="LoginPage" time="17.569" classname="automationpractice.tests.AutomationSignUpEmailElmTest"/>
  <system-out/>
  <testcase name="LoginPage" time="17.557" classname="automationpractice.tests.AutomationSignUpEmailElmTest"/>
  <system-out/>
  <testcase name="LoginPage" time="77.650" classname="automationpractice.tests.AutomationSignUpEmailElmTest"/>
  <system-out/>
</testsuite> <!-- automationpractice.tests.AutomationSignUpEmailElmTest -->
