<?xml version="1.0" encoding="UTF-8"?>
<!-- Generated by org.testng.reporters.JUnitReportReporter -->
<testsuite skipped="0" hostname="Rshrestha" name="automationpractice.tests.AutomationSignInCredentialsTest" tests="6" failures="0" timestamp="2020-06-15T01:28:01 EDT" time="278.469" errors="0">
  <testcase name="signInElmTEst" time="33.696" classname="automationpractice.tests.AutomationSignInCredentialsTest"/>
  <system-out/>
  <testcase name="signInElmTEst" time="48.958" classname="automationpractice.tests.AutomationSignInCredentialsTest"/>
  <system-out/>
  <testcase name="signInElmTEst" time="48.381" classname="automationpractice.tests.AutomationSignInCredentialsTest"/>
  <system-out/>
  <testcase name="signInElmTEst" time="48.740" classname="automationpractice.tests.AutomationSignInCredentialsTest"/>
  <system-out/>
  <testcase name="signInElmTEst" time="49.044" classname="automationpractice.tests.AutomationSignInCredentialsTest"/>
  <system-out/>
  <testcase name="signInElmTEst" time="49.650" classname="automationpractice.tests.AutomationSignInCredentialsTest"/>
  <system-out/>
</testsuite> <!-- automationpractice.tests.AutomationSignInCredentialsTest -->
