<?xml version="1.0" encoding="UTF-8"?>
<!-- Generated by org.testng.reporters.JUnitReportReporter -->
<testsuite skipped="0" hostname="Rshrestha" name="automationpractice.tests.OracleDBTesting" tests="1" failures="0" timestamp="2020-06-29T21:24:24 EDT" time="0.550" errors="0">
  <testcase name="DBTest" time="0.550" classname="automationpractice.tests.OracleDBTesting"/>
  <system-out/>
</testsuite> <!-- automationpractice.tests.OracleDBTesting -->
