<?xml version="1.0" encoding="UTF-8"?>
<!-- Generated by org.testng.reporters.JUnitReportReporter -->
<testsuite skipped="0" hostname="Rshrestha" name="automationpractice.tests.SignInTest" tests="1" failures="0" timestamp="2020-06-29T20:55:22 EDT" time="68.301" errors="0">
  <testcase name="fileRead" time="68.301" classname="automationpractice.tests.SignInTest"/>
  <system-out/>
</testsuite> <!-- automationpractice.tests.SignInTest -->
