<?xml version="1.0" encoding="UTF-8"?>
<!-- Generated by org.testng.reporters.JUnitReportReporter -->
<testsuite skipped="0" hostname="Rshrestha" name="automationpractice.tests.AutomationTest" tests="1" failures="0" timestamp="2020-06-29T22:31:11 EDT" time="17.120" errors="0">
  <testcase name="HomepageTest" time="17.120" classname="automationpractice.tests.AutomationTest"/>
  <system-out/>
</testsuite> <!-- automationpractice.tests.AutomationTest -->
